This file contains any messages produced by compilers while
running configure, to aid debugging if configure makes a mistake.

It was created by FULL-PACKAGE-NAME configure VERSION, which was
generated by GNU Autoconf 2.68.  Invocation command line was

  $ ./configure --no-create --no-recursion

## --------- ##
## Platform. ##
## --------- ##

hostname = AY140326103411192a20Z
uname -m = x86_64
uname -r = 3.2.0-29-generic
uname -s = Linux
uname -v = #46-Ubuntu SMP Fri Jul 27 17:03:23 UTC 2012

/usr/bin/uname -p = unknown
/bin/uname -X     = unknown

/bin/arch              = unknown
/usr/bin/arch -k       = unknown
/usr/convex/getsysinfo = unknown
/usr/bin/hostinfo      = unknown
/bin/machine           = unknown
/usr/bin/oslevel       = unknown
/bin/universe          = unknown

PATH: /usr/local/sbin
PATH: /usr/local/bin
PATH: /usr/sbin
PATH: /usr/bin
PATH: /sbin
PATH: /bin
PATH: /usr/games


## ----------- ##
## Core tests. ##
## ----------- ##

configure:2611: checking for a BSD-compatible install
configure:2679: result: /usr/bin/install -c
configure:2690: checking whether build environment is sane
configure:2740: result: yes
configure:2881: checking for a thread-safe mkdir -p
configure:2920: result: /bin/mkdir -p
configure:2933: checking for gawk
configure:2963: result: no
configure:2933: checking for mawk
configure:2949: found /usr/bin/mawk
configure:2960: result: mawk
configure:2971: checking whether make sets $(MAKE)
configure:2993: result: yes
configure:3168: checking for -g
configure:3198: result: no
configure:3222: checking for C++ compiler version
configure:3231: g++ --version >&5
g++ (Ubuntu/Linaro 4.6.3-1ubuntu5) 4.6.3
Copyright (C) 2011 Free Software Foundation, Inc.
This is free software; see the source for copying conditions.  There is NO
warranty; not even for MERCHANTABILITY or FITNESS FOR A PARTICULAR PURPOSE.

configure:3242: $? = 0
configure:3231: g++ -v >&5
Using built-in specs.
COLLECT_GCC=g++
COLLECT_LTO_WRAPPER=/usr/lib/gcc/x86_64-linux-gnu/4.6/lto-wrapper
Target: x86_64-linux-gnu
Configured with: ../src/configure -v --with-pkgversion='Ubuntu/Linaro 4.6.3-1ubuntu5' --with-bugurl=file:///usr/share/doc/gcc-4.6/README.Bugs --enable-languages=c,c++,fortran,objc,obj-c++ --prefix=/usr --program-suffix=-4.6 --enable-shared --enable-linker-build-id --with-system-zlib --libexecdir=/usr/lib --without-included-gettext --enable-threads=posix --with-gxx-include-dir=/usr/include/c++/4.6 --libdir=/usr/lib --enable-nls --with-sysroot=/ --enable-clocale=gnu --enable-libstdcxx-debug --enable-libstdcxx-time=yes --enable-gnu-unique-object --enable-plugin --enable-objc-gc --disable-werror --with-arch-32=i686 --with-tune=generic --enable-checking=release --build=x86_64-linux-gnu --host=x86_64-linux-gnu --target=x86_64-linux-gnu
Thread model: posix
gcc version 4.6.3 (Ubuntu/Linaro 4.6.3-1ubuntu5) 
configure:3242: $? = 0
configure:3231: g++ -V >&5
g++: error: unrecognized option '-V'
g++: fatal error: no input files
compilation terminated.
configure:3242: $? = 4
configure:3231: g++ -qversion >&5
g++: error: unrecognized option '-qversion'
g++: fatal error: no input files
compilation terminated.
configure:3242: $? = 4
configure:3262: checking whether the C++ compiler works
configure:3284: g++    conftest.cpp  >&5
configure:3288: $? = 0
configure:3336: result: yes
configure:3339: checking for C++ compiler default output file name
configure:3341: result: a.out
configure:3347: checking for suffix of executables
configure:3354: g++ -o conftest    conftest.cpp  >&5
configure:3358: $? = 0
configure:3380: result: 
configure:3402: checking whether we are cross compiling
configure:3410: g++ -o conftest    conftest.cpp  >&5
configure:3414: $? = 0
configure:3421: ./conftest
configure:3425: $? = 0
configure:3440: result: no
configure:3445: checking for suffix of object files
configure:3467: g++ -c   conftest.cpp >&5
configure:3471: $? = 0
configure:3492: result: o
configure:3496: checking whether we are using the GNU C++ compiler
configure:3515: g++ -c   conftest.cpp >&5
configure:3515: $? = 0
configure:3524: result: yes
configure:3533: checking whether g++ accepts -g
configure:3553: g++ -c -g  conftest.cpp >&5
configure:3553: $? = 0
configure:3594: result: yes
configure:3628: checking for style of include used by make
configure:3656: result: GNU
configure:3682: checking dependency style of g++
configure:3793: result: gcc3
configure:3856: checking for gcc
configure:3872: found /usr/bin/gcc
configure:3883: result: gcc
configure:4112: checking for C compiler version
configure:4121: gcc --version >&5
gcc (Ubuntu/Linaro 4.6.3-1ubuntu5) 4.6.3
Copyright (C) 2011 Free Software Foundation, Inc.
This is free software; see the source for copying conditions.  There is NO
warranty; not even for MERCHANTABILITY or FITNESS FOR A PARTICULAR PURPOSE.

configure:4132: $? = 0
configure:4121: gcc -v >&5
Using built-in specs.
COLLECT_GCC=gcc
COLLECT_LTO_WRAPPER=/usr/lib/gcc/x86_64-linux-gnu/4.6/lto-wrapper
Target: x86_64-linux-gnu
Configured with: ../src/configure -v --with-pkgversion='Ubuntu/Linaro 4.6.3-1ubuntu5' --with-bugurl=file:///usr/share/doc/gcc-4.6/README.Bugs --enable-languages=c,c++,fortran,objc,obj-c++ --prefix=/usr --program-suffix=-4.6 --enable-shared --enable-linker-build-id --with-system-zlib --libexecdir=/usr/lib --without-included-gettext --enable-threads=posix --with-gxx-include-dir=/usr/include/c++/4.6 --libdir=/usr/lib --enable-nls --with-sysroot=/ --enable-clocale=gnu --enable-libstdcxx-debug --enable-libstdcxx-time=yes --enable-gnu-unique-object --enable-plugin --enable-objc-gc --disable-werror --with-arch-32=i686 --with-tune=generic --enable-checking=release --build=x86_64-linux-gnu --host=x86_64-linux-gnu --target=x86_64-linux-gnu
Thread model: posix
gcc version 4.6.3 (Ubuntu/Linaro 4.6.3-1ubuntu5) 
configure:4132: $? = 0
configure:4121: gcc -V >&5
gcc: error: unrecognized option '-V'
gcc: fatal error: no input files
compilation terminated.
configure:4132: $? = 4
configure:4121: gcc -qversion >&5
gcc: error: unrecognized option '-qversion'
gcc: fatal error: no input files
compilation terminated.
configure:4132: $? = 4
configure:4136: checking whether we are using the GNU C compiler
configure:4155: gcc -c   conftest.c >&5
configure:4155: $? = 0
configure:4164: result: yes
configure:4173: checking whether gcc accepts -g
configure:4193: gcc -c -g  conftest.c >&5
configure:4193: $? = 0
configure:4234: result: yes
configure:4251: checking for gcc option to accept ISO C89
configure:4315: gcc  -c -g -O2  conftest.c >&5
configure:4315: $? = 0
configure:4328: result: none needed
configure:4350: checking dependency style of gcc
configure:4461: result: gcc3
configure:4481: checking how to run the C preprocessor
configure:4512: gcc -E  conftest.c
configure:4512: $? = 0
configure:4526: gcc -E  conftest.c
conftest.c:13:28: fatal error: ac_nonexistent.h: No such file or directory
compilation terminated.
configure:4526: $? = 1
configure: failed program was:
| /* confdefs.h */
| #define PACKAGE_NAME "FULL-PACKAGE-NAME"
| #define PACKAGE_TARNAME "full-package-name"
| #define PACKAGE_VERSION "VERSION"
| #define PACKAGE_STRING "FULL-PACKAGE-NAME VERSION"
| #define PACKAGE_BUGREPORT "BUG-REPORT-ADDRESS"
| #define PACKAGE_URL ""
| #define PACKAGE "spider1"
| #define VERSION "1.0.0.1"
| #define COREDUMP 1
| #define URLMEMCACHEDB 1
| /* end confdefs.h.  */
| #include <ac_nonexistent.h>
configure:4551: result: gcc -E
configure:4571: gcc -E  conftest.c
configure:4571: $? = 0
configure:4585: gcc -E  conftest.c
conftest.c:13:28: fatal error: ac_nonexistent.h: No such file or directory
compilation terminated.
configure:4585: $? = 1
configure: failed program was:
| /* confdefs.h */
| #define PACKAGE_NAME "FULL-PACKAGE-NAME"
| #define PACKAGE_TARNAME "full-package-name"
| #define PACKAGE_VERSION "VERSION"
| #define PACKAGE_STRING "FULL-PACKAGE-NAME VERSION"
| #define PACKAGE_BUGREPORT "BUG-REPORT-ADDRESS"
| #define PACKAGE_URL ""
| #define PACKAGE "spider1"
| #define VERSION "1.0.0.1"
| #define COREDUMP 1
| #define URLMEMCACHEDB 1
| /* end confdefs.h.  */
| #include <ac_nonexistent.h>
configure:4618: checking for flex
configure:4648: result: no
configure:4618: checking for lex
configure:4648: result: no
configure:4779: checking for bison
configure:4809: result: no
configure:4779: checking for byacc
configure:4809: result: no
configure:4847: checking build system type
configure:4861: result: x86_64-unknown-linux-gnu
configure:4881: checking host system type
configure:4894: result: x86_64-unknown-linux-gnu
configure:4935: checking how to print strings
configure:4962: result: printf
configure:4983: checking for a sed that does not truncate output
configure:5047: result: /bin/sed
configure:5065: checking for grep that handles long lines and -e
configure:5123: result: /bin/grep
configure:5128: checking for egrep
configure:5190: result: /bin/grep -E
configure:5195: checking for fgrep
configure:5257: result: /bin/grep -F
configure:5292: checking for ld used by gcc
configure:5359: result: /usr/bin/ld
configure:5366: checking if the linker (/usr/bin/ld) is GNU ld
configure:5381: result: yes
configure:5393: checking for BSD- or MS-compatible name lister (nm)
configure:5442: result: /usr/bin/nm -B
configure:5572: checking the name lister (/usr/bin/nm -B) interface
configure:5579: gcc -c -g -O2  conftest.c >&5
configure:5582: /usr/bin/nm -B "conftest.o"
configure:5585: output
0000000000000000 B some_variable
configure:5592: result: BSD nm
configure:5595: checking whether ln -s works
configure:5599: result: yes
configure:5607: checking the maximum length of command line arguments
configure:5737: result: 3458764513820540925
configure:5754: checking whether the shell understands some XSI constructs
configure:5764: result: yes
configure:5768: checking whether the shell understands "+="
configure:5774: result: yes
configure:5809: checking how to convert x86_64-unknown-linux-gnu file names to x86_64-unknown-linux-gnu format
configure:5849: result: func_convert_file_noop
configure:5856: checking how to convert x86_64-unknown-linux-gnu file names to toolchain format
configure:5876: result: func_convert_file_noop
configure:5883: checking for /usr/bin/ld option to reload object files
configure:5890: result: -r
configure:5964: checking for objdump
configure:5980: found /usr/bin/objdump
configure:5991: result: objdump
configure:6023: checking how to recognize dependent libraries
configure:6225: result: pass_all
configure:6310: checking for dlltool
configure:6340: result: no
configure:6370: checking how to associate runtime and link libraries
configure:6397: result: printf %s\n
configure:6457: checking for ar
configure:6473: found /usr/bin/ar
configure:6484: result: ar
configure:6521: checking for archiver @FILE support
configure:6538: gcc -c -g -O2  conftest.c >&5
configure:6538: $? = 0
configure:6541: ar cru libconftest.a @conftest.lst >&5
configure:6544: $? = 0
configure:6549: ar cru libconftest.a @conftest.lst >&5
ar: conftest.o: No such file or directory
configure:6552: $? = 1
configure:6564: result: @
configure:6622: checking for strip
configure:6638: found /usr/bin/strip
configure:6649: result: strip
configure:6721: checking for ranlib
configure:6737: found /usr/bin/ranlib
configure:6748: result: ranlib
configure:6850: checking command to parse /usr/bin/nm -B output from gcc object
configure:6970: gcc -c -g -O2  conftest.c >&5
configure:6973: $? = 0
configure:6977: /usr/bin/nm -B conftest.o \| sed -n -e 's/^.*[ ]\([ABCDGIRSTW][ABCDGIRSTW]*\)[ ][ ]*\([_A-Za-z][_A-Za-z0-9]*\)$/\1 \2 \2/p' | sed '/ __gnu_lto/d' \> conftest.nm
configure:6980: $? = 0
configure:7046: gcc -o conftest -g -O2   conftest.c conftstm.o >&5
configure:7049: $? = 0
configure:7087: result: ok
configure:7124: checking for sysroot
configure:7154: result: no
configure:7231: gcc -c -g -O2  conftest.c >&5
configure:7234: $? = 0
configure:7410: checking for mt
configure:7426: found /bin/mt
configure:7437: result: mt
configure:7460: checking if mt is a manifest tool
configure:7466: mt '-?'
configure:7474: result: no
configure:8112: checking for ANSI C header files
configure:8132: gcc -c -g -O2  conftest.c >&5
configure:8132: $? = 0
configure:8205: gcc -o conftest -g -O2   conftest.c  >&5
configure:8205: $? = 0
configure:8205: ./conftest
configure:8205: $? = 0
configure:8216: result: yes
configure:8229: checking for sys/types.h
configure:8229: gcc -c -g -O2  conftest.c >&5
configure:8229: $? = 0
configure:8229: result: yes
configure:8229: checking for sys/stat.h
configure:8229: gcc -c -g -O2  conftest.c >&5
configure:8229: $? = 0
configure:8229: result: yes
configure:8229: checking for stdlib.h
configure:8229: gcc -c -g -O2  conftest.c >&5
configure:8229: $? = 0
configure:8229: result: yes
configure:8229: checking for string.h
configure:8229: gcc -c -g -O2  conftest.c >&5
configure:8229: $? = 0
configure:8229: result: yes
configure:8229: checking for memory.h
configure:8229: gcc -c -g -O2  conftest.c >&5
configure:8229: $? = 0
configure:8229: result: yes
configure:8229: checking for strings.h
configure:8229: gcc -c -g -O2  conftest.c >&5
configure:8229: $? = 0
configure:8229: result: yes
configure:8229: checking for inttypes.h
configure:8229: gcc -c -g -O2  conftest.c >&5
configure:8229: $? = 0
configure:8229: result: yes
configure:8229: checking for stdint.h
configure:8229: gcc -c -g -O2  conftest.c >&5
configure:8229: $? = 0
configure:8229: result: yes
configure:8229: checking for unistd.h
configure:8229: gcc -c -g -O2  conftest.c >&5
configure:8229: $? = 0
configure:8229: result: yes
configure:8243: checking for dlfcn.h
configure:8243: gcc -c -g -O2  conftest.c >&5
configure:8243: $? = 0
configure:8243: result: yes
configure:8460: checking for objdir
configure:8475: result: .libs
configure:8742: checking if gcc supports -fno-rtti -fno-exceptions
configure:8760: gcc -c -g -O2  -fno-rtti -fno-exceptions conftest.c >&5
cc1: warning: command line option '-fno-rtti' is valid for C++/ObjC++ but not for C [enabled by default]
configure:8764: $? = 0
configure:8777: result: no
configure:9104: checking for gcc option to produce PIC
configure:9111: result: -fPIC -DPIC
configure:9119: checking if gcc PIC flag -fPIC -DPIC works
configure:9137: gcc -c -g -O2  -fPIC -DPIC -DPIC conftest.c >&5
configure:9141: $? = 0
configure:9154: result: yes
configure:9183: checking if gcc static flag -static works
configure:9211: result: yes
configure:9226: checking if gcc supports -c -o file.o
configure:9247: gcc -c -g -O2  -o out/conftest2.o conftest.c >&5
configure:9251: $? = 0
configure:9273: result: yes
configure:9281: checking if gcc supports -c -o file.o
configure:9328: result: yes
configure:9361: checking whether the gcc linker (/usr/bin/ld -m elf_x86_64) supports shared libraries
configure:10518: result: yes
configure:10555: checking whether -lc should be explicitly linked in
configure:10563: gcc -c -g -O2  conftest.c >&5
configure:10566: $? = 0
configure:10581: gcc -shared  -fPIC -DPIC conftest.o  -v -Wl,-soname -Wl,conftest -o conftest 2\>\&1 \| /bin/grep  -lc  \>/dev/null 2\>\&1
configure:10584: $? = 0
configure:10598: result: no
configure:10758: checking dynamic linker characteristics
configure:11269: gcc -o conftest -g -O2   -Wl,-rpath -Wl,/foo conftest.c  >&5
configure:11269: $? = 0
configure:11503: result: GNU/Linux ld.so
configure:11610: checking how to hardcode library paths into programs
configure:11635: result: immediate
configure:12175: checking whether stripping libraries is possible
configure:12180: result: yes
configure:12215: checking if libtool supports shared libraries
configure:12217: result: yes
configure:12220: checking whether to build shared libraries
configure:12241: result: yes
configure:12244: checking whether to build static libraries
configure:12248: result: yes
configure:12271: checking how to run the C++ preprocessor
configure:12298: g++ -E  conftest.cpp
configure:12298: $? = 0
configure:12312: g++ -E  conftest.cpp
conftest.cpp:25:28: fatal error: ac_nonexistent.h: No such file or directory
compilation terminated.
configure:12312: $? = 1
configure: failed program was:
| /* confdefs.h */
| #define PACKAGE_NAME "FULL-PACKAGE-NAME"
| #define PACKAGE_TARNAME "full-package-name"
| #define PACKAGE_VERSION "VERSION"
| #define PACKAGE_STRING "FULL-PACKAGE-NAME VERSION"
| #define PACKAGE_BUGREPORT "BUG-REPORT-ADDRESS"
| #define PACKAGE_URL ""
| #define PACKAGE "spider1"
| #define VERSION "1.0.0.1"
| #define COREDUMP 1
| #define URLMEMCACHEDB 1
| #define STDC_HEADERS 1
| #define HAVE_SYS_TYPES_H 1
| #define HAVE_SYS_STAT_H 1
| #define HAVE_STDLIB_H 1
| #define HAVE_STRING_H 1
| #define HAVE_MEMORY_H 1
| #define HAVE_STRINGS_H 1
| #define HAVE_INTTYPES_H 1
| #define HAVE_STDINT_H 1
| #define HAVE_UNISTD_H 1
| #define HAVE_DLFCN_H 1
| #define LT_OBJDIR ".libs/"
| /* end confdefs.h.  */
| #include <ac_nonexistent.h>
configure:12337: result: g++ -E
configure:12357: g++ -E  conftest.cpp
configure:12357: $? = 0
configure:12371: g++ -E  conftest.cpp
conftest.cpp:25:28: fatal error: ac_nonexistent.h: No such file or directory
compilation terminated.
configure:12371: $? = 1
configure: failed program was:
| /* confdefs.h */
| #define PACKAGE_NAME "FULL-PACKAGE-NAME"
| #define PACKAGE_TARNAME "full-package-name"
| #define PACKAGE_VERSION "VERSION"
| #define PACKAGE_STRING "FULL-PACKAGE-NAME VERSION"
| #define PACKAGE_BUGREPORT "BUG-REPORT-ADDRESS"
| #define PACKAGE_URL ""
| #define PACKAGE "spider1"
| #define VERSION "1.0.0.1"
| #define COREDUMP 1
| #define URLMEMCACHEDB 1
| #define STDC_HEADERS 1
| #define HAVE_SYS_TYPES_H 1
| #define HAVE_SYS_STAT_H 1
| #define HAVE_STDLIB_H 1
| #define HAVE_STRING_H 1
| #define HAVE_MEMORY_H 1
| #define HAVE_STRINGS_H 1
| #define HAVE_INTTYPES_H 1
| #define HAVE_STDINT_H 1
| #define HAVE_UNISTD_H 1
| #define HAVE_DLFCN_H 1
| #define LT_OBJDIR ".libs/"
| /* end confdefs.h.  */
| #include <ac_nonexistent.h>
configure:12540: checking for ld used by g++
configure:12607: result: /usr/bin/ld -m elf_x86_64
configure:12614: checking if the linker (/usr/bin/ld -m elf_x86_64) is GNU ld
configure:12629: result: yes
configure:12684: checking whether the g++ linker (/usr/bin/ld -m elf_x86_64) supports shared libraries
configure:13689: result: yes
configure:13725: g++ -c -g -O2  conftest.cpp >&5
configure:13728: $? = 0
configure:14248: checking for g++ option to produce PIC
configure:14255: result: -fPIC -DPIC
configure:14263: checking if g++ PIC flag -fPIC -DPIC works
configure:14281: g++ -c -g -O2  -fPIC -DPIC -DPIC conftest.cpp >&5
configure:14285: $? = 0
configure:14298: result: yes
configure:14321: checking if g++ static flag -static works
configure:14349: result: yes
configure:14361: checking if g++ supports -c -o file.o
configure:14382: g++ -c -g -O2  -o out/conftest2.o conftest.cpp >&5
configure:14386: $? = 0
configure:14408: result: yes
configure:14413: checking if g++ supports -c -o file.o
configure:14460: result: yes
configure:14490: checking whether the g++ linker (/usr/bin/ld -m elf_x86_64) supports shared libraries
configure:14529: result: yes
configure:14670: checking dynamic linker characteristics
configure:15349: result: GNU/Linux ld.so
configure:15402: checking how to hardcode library paths into programs
configure:15427: result: immediate
configure:15492: checking for pthread_rwlock_init in -lpthread
configure:15517: gcc -o conftest -g -O2   conftest.c -lpthread   >&5
configure:15517: $? = 0
configure:15526: result: yes
configure:15537: checking for socket in -lsocket
configure:15562: gcc -o conftest -g -O2   conftest.c -lsocket  -lpthread  >&5
/usr/bin/ld: cannot find -lsocket
collect2: ld returned 1 exit status
configure:15562: $? = 1
configure: failed program was:
| /* confdefs.h */
| #define PACKAGE_NAME "FULL-PACKAGE-NAME"
| #define PACKAGE_TARNAME "full-package-name"
| #define PACKAGE_VERSION "VERSION"
| #define PACKAGE_STRING "FULL-PACKAGE-NAME VERSION"
| #define PACKAGE_BUGREPORT "BUG-REPORT-ADDRESS"
| #define PACKAGE_URL ""
| #define PACKAGE "spider1"
| #define VERSION "1.0.0.1"
| #define COREDUMP 1
| #define URLMEMCACHEDB 1
| #define STDC_HEADERS 1
| #define HAVE_SYS_TYPES_H 1
| #define HAVE_SYS_STAT_H 1
| #define HAVE_STDLIB_H 1
| #define HAVE_STRING_H 1
| #define HAVE_MEMORY_H 1
| #define HAVE_STRINGS_H 1
| #define HAVE_INTTYPES_H 1
| #define HAVE_STDINT_H 1
| #define HAVE_UNISTD_H 1
| #define HAVE_DLFCN_H 1
| #define LT_OBJDIR ".libs/"
| #define HAVE_LIBPTHREAD 1
| /* end confdefs.h.  */
| 
| /* Override any GCC internal prototype to avoid an error.
|    Use char because int might match the return type of a GCC
|    builtin and then its argument prototype would still apply.  */
| #ifdef __cplusplus
| extern "C"
| #endif
| char socket ();
| int
| main ()
| {
| return socket ();
|   ;
|   return 0;
| }
configure:15571: result: no
configure:15586: checking for stdbool.h that conforms to C99
configure:15653: gcc -c -g -O2  conftest.c >&5
configure:15653: $? = 0
configure:15660: result: yes
configure:15662: checking for _Bool
configure:15662: gcc -c -g -O2  conftest.c >&5
configure:15662: $? = 0
configure:15662: gcc -c -g -O2  conftest.c >&5
conftest.c: In function 'main':
conftest.c:62:20: error: expected expression before ')' token
configure:15662: $? = 1
configure: failed program was:
| /* confdefs.h */
| #define PACKAGE_NAME "FULL-PACKAGE-NAME"
| #define PACKAGE_TARNAME "full-package-name"
| #define PACKAGE_VERSION "VERSION"
| #define PACKAGE_STRING "FULL-PACKAGE-NAME VERSION"
| #define PACKAGE_BUGREPORT "BUG-REPORT-ADDRESS"
| #define PACKAGE_URL ""
| #define PACKAGE "spider1"
| #define VERSION "1.0.0.1"
| #define COREDUMP 1
| #define URLMEMCACHEDB 1
| #define STDC_HEADERS 1
| #define HAVE_SYS_TYPES_H 1
| #define HAVE_SYS_STAT_H 1
| #define HAVE_STDLIB_H 1
| #define HAVE_STRING_H 1
| #define HAVE_MEMORY_H 1
| #define HAVE_STRINGS_H 1
| #define HAVE_INTTYPES_H 1
| #define HAVE_STDINT_H 1
| #define HAVE_UNISTD_H 1
| #define HAVE_DLFCN_H 1
| #define LT_OBJDIR ".libs/"
| #define HAVE_LIBPTHREAD 1
| /* end confdefs.h.  */
| #include <stdio.h>
| #ifdef HAVE_SYS_TYPES_H
| # include <sys/types.h>
| #endif
| #ifdef HAVE_SYS_STAT_H
| # include <sys/stat.h>
| #endif
| #ifdef STDC_HEADERS
| # include <stdlib.h>
| # include <stddef.h>
| #else
| # ifdef HAVE_STDLIB_H
| #  include <stdlib.h>
| # endif
| #endif
| #ifdef HAVE_STRING_H
| # if !defined STDC_HEADERS && defined HAVE_MEMORY_H
| #  include <memory.h>
| # endif
| # include <string.h>
| #endif
| #ifdef HAVE_STRINGS_H
| # include <strings.h>
| #endif
| #ifdef HAVE_INTTYPES_H
| # include <inttypes.h>
| #endif
| #ifdef HAVE_STDINT_H
| # include <stdint.h>
| #endif
| #ifdef HAVE_UNISTD_H
| # include <unistd.h>
| #endif
| int
| main ()
| {
| if (sizeof ((_Bool)))
| 	    return 0;
|   ;
|   return 0;
| }
configure:15662: result: yes
configure:15678: checking whether time.h and sys/time.h may both be included
configure:15698: gcc -c -g -O2  conftest.c >&5
configure:15698: $? = 0
configure:15705: result: yes
configure:15713: checking for ANSI C header files
configure:15817: result: yes
configure:15827: checking for stdlib.h
configure:15827: result: yes
configure:15840: checking sys/select.h usability
configure:15840: gcc -c -g -O2  conftest.c >&5
configure:15840: $? = 0
configure:15840: result: yes
configure:15840: checking sys/select.h presence
configure:15840: gcc -E  conftest.c
configure:15840: $? = 0
configure:15840: result: yes
configure:15840: checking for sys/select.h
configure:15840: result: yes
configure:15840: checking stdarg.h usability
configure:15840: gcc -c -g -O2  conftest.c >&5
configure:15840: $? = 0
configure:15840: result: yes
configure:15840: checking stdarg.h presence
configure:15840: gcc -E  conftest.c
configure:15840: $? = 0
configure:15840: result: yes
configure:15840: checking for stdarg.h
configure:15840: result: yes
configure:15840: checking dirent.h usability
configure:15840: gcc -c -g -O2  conftest.c >&5
configure:15840: $? = 0
configure:15840: result: yes
configure:15840: checking dirent.h presence
configure:15840: gcc -E  conftest.c
configure:15840: $? = 0
configure:15840: result: yes
configure:15840: checking for dirent.h
configure:15840: result: yes
configure:15840: checking locale.h usability
configure:15840: gcc -c -g -O2  conftest.c >&5
configure:15840: $? = 0
configure:15840: result: yes
configure:15840: checking locale.h presence
configure:15840: gcc -E  conftest.c
configure:15840: $? = 0
configure:15840: result: yes
configure:15840: checking for locale.h
configure:15840: result: yes
configure:15840: checking ndir.h usability
configure:15840: gcc -c -g -O2  conftest.c >&5
conftest.c:68:18: fatal error: ndir.h: No such file or directory
compilation terminated.
configure:15840: $? = 1
configure: failed program was:
| /* confdefs.h */
| #define PACKAGE_NAME "FULL-PACKAGE-NAME"
| #define PACKAGE_TARNAME "full-package-name"
| #define PACKAGE_VERSION "VERSION"
| #define PACKAGE_STRING "FULL-PACKAGE-NAME VERSION"
| #define PACKAGE_BUGREPORT "BUG-REPORT-ADDRESS"
| #define PACKAGE_URL ""
| #define PACKAGE "spider1"
| #define VERSION "1.0.0.1"
| #define COREDUMP 1
| #define URLMEMCACHEDB 1
| #define STDC_HEADERS 1
| #define HAVE_SYS_TYPES_H 1
| #define HAVE_SYS_STAT_H 1
| #define HAVE_STDLIB_H 1
| #define HAVE_STRING_H 1
| #define HAVE_MEMORY_H 1
| #define HAVE_STRINGS_H 1
| #define HAVE_INTTYPES_H 1
| #define HAVE_STDINT_H 1
| #define HAVE_UNISTD_H 1
| #define HAVE_DLFCN_H 1
| #define LT_OBJDIR ".libs/"
| #define HAVE_LIBPTHREAD 1
| #define HAVE__BOOL 1
| #define HAVE_STDBOOL_H 1
| #define TIME_WITH_SYS_TIME 1
| #define STDC_HEADERS 1
| #define HAVE_STDLIB_H 1
| #define HAVE_SYS_SELECT_H 1
| #define HAVE_STDARG_H 1
| #define HAVE_DIRENT_H 1
| #define HAVE_LOCALE_H 1
| /* end confdefs.h.  */
| #include <stdio.h>
| #ifdef HAVE_SYS_TYPES_H
| # include <sys/types.h>
| #endif
| #ifdef HAVE_SYS_STAT_H
| # include <sys/stat.h>
| #endif
| #ifdef STDC_HEADERS
| # include <stdlib.h>
| # include <stddef.h>
| #else
| # ifdef HAVE_STDLIB_H
| #  include <stdlib.h>
| # endif
| #endif
| #ifdef HAVE_STRING_H
| # if !defined STDC_HEADERS && defined HAVE_MEMORY_H
| #  include <memory.h>
| # endif
| # include <string.h>
| #endif
| #ifdef HAVE_STRINGS_H
| # include <strings.h>
| #endif
| #ifdef HAVE_INTTYPES_H
| # include <inttypes.h>
| #endif
| #ifdef HAVE_STDINT_H
| # include <stdint.h>
| #endif
| #ifdef HAVE_UNISTD_H
| # include <unistd.h>
| #endif
| #include <ndir.h>
configure:15840: result: no
configure:15840: checking ndir.h presence
configure:15840: gcc -E  conftest.c
conftest.c:35:18: fatal error: ndir.h: No such file or directory
compilation terminated.
configure:15840: $? = 1
configure: failed program was:
| /* confdefs.h */
| #define PACKAGE_NAME "FULL-PACKAGE-NAME"
| #define PACKAGE_TARNAME "full-package-name"
| #define PACKAGE_VERSION "VERSION"
| #define PACKAGE_STRING "FULL-PACKAGE-NAME VERSION"
| #define PACKAGE_BUGREPORT "BUG-REPORT-ADDRESS"
| #define PACKAGE_URL ""
| #define PACKAGE "spider1"
| #define VERSION "1.0.0.1"
| #define COREDUMP 1
| #define URLMEMCACHEDB 1
| #define STDC_HEADERS 1
| #define HAVE_SYS_TYPES_H 1
| #define HAVE_SYS_STAT_H 1
| #define HAVE_STDLIB_H 1
| #define HAVE_STRING_H 1
| #define HAVE_MEMORY_H 1
| #define HAVE_STRINGS_H 1
| #define HAVE_INTTYPES_H 1
| #define HAVE_STDINT_H 1
| #define HAVE_UNISTD_H 1
| #define HAVE_DLFCN_H 1
| #define LT_OBJDIR ".libs/"
| #define HAVE_LIBPTHREAD 1
| #define HAVE__BOOL 1
| #define HAVE_STDBOOL_H 1
| #define TIME_WITH_SYS_TIME 1
| #define STDC_HEADERS 1
| #define HAVE_STDLIB_H 1
| #define HAVE_SYS_SELECT_H 1
| #define HAVE_STDARG_H 1
| #define HAVE_DIRENT_H 1
| #define HAVE_LOCALE_H 1
| /* end confdefs.h.  */
| #include <ndir.h>
configure:15840: result: no
configure:15840: checking for ndir.h
configure:15840: result: no
configure:15840: checking sys/dir.h usability
configure:15840: gcc -c -g -O2  conftest.c >&5
configure:15840: $? = 0
configure:15840: result: yes
configure:15840: checking sys/dir.h presence
configure:15840: gcc -E  conftest.c
configure:15840: $? = 0
configure:15840: result: yes
configure:15840: checking for sys/dir.h
configure:15840: result: yes
configure:15840: checking semaphore.h usability
configure:15840: gcc -c -g -O2  conftest.c >&5
configure:15840: $? = 0
configure:15840: result: yes
configure:15840: checking semaphore.h presence
configure:15840: gcc -E  conftest.c
configure:15840: $? = 0
configure:15840: result: yes
configure:15840: checking for semaphore.h
configure:15840: result: yes
configure:15852: checking for select
configure:15852: gcc -o conftest -g -O2   conftest.c -lpthread  >&5
configure:15852: $? = 0
configure:15852: result: yes
configure:15867: checking size of unsigned long long int
configure:15872: gcc -o conftest -g -O2   conftest.c -lpthread  >&5
configure:15872: $? = 0
configure:15872: ./conftest
configure:15872: $? = 0
configure:15886: result: 8
configure:15900: checking size of unsigned long int
configure:15905: gcc -o conftest -g -O2   conftest.c -lpthread  >&5
configure:15905: $? = 0
configure:15905: ./conftest
configure:15905: $? = 0
configure:15919: result: 8
configure:15933: checking size of unsigned int
configure:15938: gcc -o conftest -g -O2   conftest.c -lpthread  >&5
configure:15938: $? = 0
configure:15938: ./conftest
configure:15938: $? = 0
configure:15952: result: 4
configure:15966: checking size of unsigned short int
configure:15971: gcc -o conftest -g -O2   conftest.c -lpthread  >&5
configure:15971: $? = 0
configure:15971: ./conftest
configure:15971: $? = 0
configure:15985: result: 2
configure:15999: checking size of unsigned char
configure:16004: gcc -o conftest -g -O2   conftest.c -lpthread  >&5
configure:16004: $? = 0
configure:16004: ./conftest
configure:16004: $? = 0
configure:16018: result: 1
configure:16189: creating ./config.status

## ---------------- ##
## Cache variables. ##
## ---------------- ##

ac_cv_build=x86_64-unknown-linux-gnu
ac_cv_c_compiler_gnu=yes
ac_cv_cxx_compiler_gnu=yes
ac_cv_env_CCC_set=
ac_cv_env_CCC_value=
ac_cv_env_CC_set=
ac_cv_env_CC_value=
ac_cv_env_CFLAGS_set=
ac_cv_env_CFLAGS_value=
ac_cv_env_CPPFLAGS_set=
ac_cv_env_CPPFLAGS_value=
ac_cv_env_CPP_set=
ac_cv_env_CPP_value=
ac_cv_env_CXXCPP_set=
ac_cv_env_CXXCPP_value=
ac_cv_env_CXXFLAGS_set=
ac_cv_env_CXXFLAGS_value=
ac_cv_env_CXX_set=
ac_cv_env_CXX_value=
ac_cv_env_LDFLAGS_set=
ac_cv_env_LDFLAGS_value=
ac_cv_env_LIBS_set=
ac_cv_env_LIBS_value=
ac_cv_env_YACC_set=
ac_cv_env_YACC_value=
ac_cv_env_YFLAGS_set=
ac_cv_env_YFLAGS_value=
ac_cv_env_build_alias_set=
ac_cv_env_build_alias_value=
ac_cv_env_host_alias_set=
ac_cv_env_host_alias_value=
ac_cv_env_target_alias_set=
ac_cv_env_target_alias_value=
ac_cv_func_select=yes
ac_cv_header_dirent_h=yes
ac_cv_header_dlfcn_h=yes
ac_cv_header_inttypes_h=yes
ac_cv_header_locale_h=yes
ac_cv_header_memory_h=yes
ac_cv_header_ndir_h=no
ac_cv_header_semaphore_h=yes
ac_cv_header_stdarg_h=yes
ac_cv_header_stdbool_h=yes
ac_cv_header_stdc=yes
ac_cv_header_stdint_h=yes
ac_cv_header_stdlib_h=yes
ac_cv_header_string_h=yes
ac_cv_header_strings_h=yes
ac_cv_header_sys_dir_h=yes
ac_cv_header_sys_select_h=yes
ac_cv_header_sys_stat_h=yes
ac_cv_header_sys_types_h=yes
ac_cv_header_time=yes
ac_cv_header_unistd_h=yes
ac_cv_host=x86_64-unknown-linux-gnu
ac_cv_lib_pthread_pthread_rwlock_init=yes
ac_cv_lib_socket_socket=no
ac_cv_objext=o
ac_cv_path_EGREP='/bin/grep -E'
ac_cv_path_FGREP='/bin/grep -F'
ac_cv_path_GREP=/bin/grep
ac_cv_path_SED=/bin/sed
ac_cv_path_install='/usr/bin/install -c'
ac_cv_path_mkdir=/bin/mkdir
ac_cv_prog_AWK=mawk
ac_cv_prog_CPP='gcc -E'
ac_cv_prog_CXXCPP='g++ -E'
ac_cv_prog_ac_ct_AR=ar
ac_cv_prog_ac_ct_CC=gcc
ac_cv_prog_ac_ct_MANIFEST_TOOL=mt
ac_cv_prog_ac_ct_OBJDUMP=objdump
ac_cv_prog_ac_ct_RANLIB=ranlib
ac_cv_prog_ac_ct_STRIP=strip
ac_cv_prog_cc_c89=
ac_cv_prog_cc_g=yes
ac_cv_prog_cxx_g=yes
ac_cv_prog_make_make_set=yes
ac_cv_sizeof_unsigned_char=1
ac_cv_sizeof_unsigned_int=4
ac_cv_sizeof_unsigned_long_int=8
ac_cv_sizeof_unsigned_long_long_int=8
ac_cv_sizeof_unsigned_short_int=2
ac_cv_type__Bool=yes
am_cv_CC_dependencies_compiler_type=gcc3
am_cv_CXX_dependencies_compiler_type=gcc3
lt_cv_ar_at_file=@
lt_cv_archive_cmds_need_lc=no
lt_cv_deplibs_check_method=pass_all
lt_cv_file_magic_cmd='$MAGIC_CMD'
lt_cv_file_magic_test_file=
lt_cv_ld_reload_flag=-r
lt_cv_nm_interface='BSD nm'
lt_cv_objdir=.libs
lt_cv_path_LD=/usr/bin/ld
lt_cv_path_LDCXX='/usr/bin/ld -m elf_x86_64'
lt_cv_path_NM='/usr/bin/nm -B'
lt_cv_path_mainfest_tool=no
lt_cv_prog_compiler_c_o=yes
lt_cv_prog_compiler_c_o_CXX=yes
lt_cv_prog_compiler_pic='-fPIC -DPIC'
lt_cv_prog_compiler_pic_CXX='-fPIC -DPIC'
lt_cv_prog_compiler_pic_works=yes
lt_cv_prog_compiler_pic_works_CXX=yes
lt_cv_prog_compiler_rtti_exceptions=no
lt_cv_prog_compiler_static_works=yes
lt_cv_prog_compiler_static_works_CXX=yes
lt_cv_prog_gnu_ld=yes
lt_cv_prog_gnu_ldcxx=yes
lt_cv_sharedlib_from_linklib_cmd='printf %s\n'
lt_cv_shlibpath_overrides_runpath=no
lt_cv_sys_global_symbol_pipe='sed -n -e '\''s/^.*[	 ]\([ABCDGIRSTW][ABCDGIRSTW]*\)[	 ][	 ]*\([_A-Za-z][_A-Za-z0-9]*\)$/\1 \2 \2/p'\'' | sed '\''/ __gnu_lto/d'\'''
lt_cv_sys_global_symbol_to_c_name_address='sed -n -e '\''s/^: \([^ ]*\)[ ]*$/  {\"\1\", (void *) 0},/p'\'' -e '\''s/^[ABCDGIRSTW]* \([^ ]*\) \([^ ]*\)$/  {"\2", (void *) \&\2},/p'\'''
lt_cv_sys_global_symbol_to_c_name_address_lib_prefix='sed -n -e '\''s/^: \([^ ]*\)[ ]*$/  {\"\1\", (void *) 0},/p'\'' -e '\''s/^[ABCDGIRSTW]* \([^ ]*\) \(lib[^ ]*\)$/  {"\2", (void *) \&\2},/p'\'' -e '\''s/^[ABCDGIRSTW]* \([^ ]*\) \([^ ]*\)$/  {"lib\2", (void *) \&\2},/p'\'''
lt_cv_sys_global_symbol_to_cdecl='sed -n -e '\''s/^T .* \(.*\)$/extern int \1();/p'\'' -e '\''s/^[ABCDGIRSTW]* .* \(.*\)$/extern char \1;/p'\'''
lt_cv_sys_max_cmd_len=3458764513820540925
lt_cv_to_host_file_cmd=func_convert_file_noop
lt_cv_to_tool_file_cmd=func_convert_file_noop

## ----------------- ##
## Output variables. ##
## ----------------- ##

ACLOCAL='${SHELL} /home/andy/bloomServer/missing --run aclocal-1.11'
AMDEPBACKSLASH='\'
AMDEP_FALSE='#'
AMDEP_TRUE=''
AMTAR='$${TAR-tar}'
AR='ar'
AUTOCONF='${SHELL} /home/andy/bloomServer/missing --run autoconf'
AUTOHEADER='${SHELL} /home/andy/bloomServer/missing --run autoheader'
AUTOMAKE='${SHELL} /home/andy/bloomServer/missing --run automake-1.11'
AWK='mawk'
CC='gcc'
CCDEPMODE='depmode=gcc3'
CFLAGS='-g -O2'
CPP='gcc -E'
CPPFLAGS=''
CXX='g++'
CXXCPP='g++ -E'
CXXDEPMODE='depmode=gcc3'
CXXFLAGS='-g -O2'
CYGPATH_W='echo'
DEFS='-DHAVE_CONFIG_H'
DEPDIR='.deps'
DLLTOOL='false'
DSYMUTIL=''
DUMPBIN=''
ECHO_C=''
ECHO_N='-n'
ECHO_T=''
EGREP='/bin/grep -E'
EXEEXT=''
FGREP='/bin/grep -F'
GREP='/bin/grep'
INSTALL_DATA='${INSTALL} -m 644'
INSTALL_PROGRAM='${INSTALL}'
INSTALL_SCRIPT='${INSTALL}'
INSTALL_STRIP_PROGRAM='$(install_sh) -c -s'
LD='/usr/bin/ld -m elf_x86_64'
LDFLAGS=''
LEX='${SHELL} /home/andy/bloomServer/missing --run flex'
LEXLIB=''
LEX_OUTPUT_ROOT=''
LIBOBJS=''
LIBS='-lpthread '
LIBTOOL='$(SHELL) $(top_builddir)/libtool'
LIPO=''
LN_S='ln -s'
LTLIBOBJS=''
MAKEINFO='${SHELL} /home/andy/bloomServer/missing --run makeinfo'
MANIFEST_TOOL=':'
MKDIR_P='/bin/mkdir -p'
NM='/usr/bin/nm -B'
NMEDIT=''
OBJDUMP='objdump'
OBJEXT='o'
OTOOL64=''
OTOOL=''
PACKAGE='spider1'
PACKAGE_BUGREPORT='BUG-REPORT-ADDRESS'
PACKAGE_NAME='FULL-PACKAGE-NAME'
PACKAGE_STRING='FULL-PACKAGE-NAME VERSION'
PACKAGE_TARNAME='full-package-name'
PACKAGE_URL=''
PACKAGE_VERSION='VERSION'
PATH_SEPARATOR=':'
RANLIB='ranlib'
SED='/bin/sed'
SET_MAKE=''
SHELL='/bin/bash'
STRIP='strip'
VERSION='1.0.0.1'
YACC='yacc'
YFLAGS=''
ac_ct_AR='ar'
ac_ct_CC='gcc'
ac_ct_CXX=''
ac_ct_DUMPBIN=''
am__EXEEXT_FALSE=''
am__EXEEXT_TRUE='#'
am__fastdepCC_FALSE='#'
am__fastdepCC_TRUE=''
am__fastdepCXX_FALSE='#'
am__fastdepCXX_TRUE=''
am__include='include'
am__isrc=''
am__leading_dot='.'
am__nodep='_no'
am__quote=''
am__tar='$${TAR-tar} chof - "$$tardir"'
am__untar='$${TAR-tar} xf -'
bindir='${exec_prefix}/bin'
build='x86_64-unknown-linux-gnu'
build_alias=''
build_cpu='x86_64'
build_os='linux-gnu'
build_vendor='unknown'
datadir='${datarootdir}'
datarootdir='${prefix}/share'
docdir='${datarootdir}/doc/${PACKAGE_TARNAME}'
dvidir='${docdir}'
exec_prefix='${prefix}'
host='x86_64-unknown-linux-gnu'
host_alias=''
host_cpu='x86_64'
host_os='linux-gnu'
host_vendor='unknown'
htmldir='${docdir}'
includedir='${prefix}/include'
infodir='${datarootdir}/info'
install_sh='${SHELL} /home/andy/bloomServer/install-sh'
libdir='${exec_prefix}/lib'
libexecdir='${exec_prefix}/libexec'
localedir='${datarootdir}/locale'
localstatedir='${prefix}/var'
mandir='${datarootdir}/man'
mkdir_p='/bin/mkdir -p'
oldincludedir='/usr/include'
pdfdir='${docdir}'
prefix='/usr/local'
program_transform_name='s,x,x,'
psdir='${docdir}'
sbindir='${exec_prefix}/sbin'
sharedstatedir='${prefix}/com'
sysconfdir='${prefix}/etc'
target_alias=''

## ----------- ##
## confdefs.h. ##
## ----------- ##

/* confdefs.h */
#define PACKAGE_NAME "FULL-PACKAGE-NAME"
#define PACKAGE_TARNAME "full-package-name"
#define PACKAGE_VERSION "VERSION"
#define PACKAGE_STRING "FULL-PACKAGE-NAME VERSION"
#define PACKAGE_BUGREPORT "BUG-REPORT-ADDRESS"
#define PACKAGE_URL ""
#define PACKAGE "spider1"
#define VERSION "1.0.0.1"
#define COREDUMP 1
#define URLMEMCACHEDB 1
#define STDC_HEADERS 1
#define HAVE_SYS_TYPES_H 1
#define HAVE_SYS_STAT_H 1
#define HAVE_STDLIB_H 1
#define HAVE_STRING_H 1
#define HAVE_MEMORY_H 1
#define HAVE_STRINGS_H 1
#define HAVE_INTTYPES_H 1
#define HAVE_STDINT_H 1
#define HAVE_UNISTD_H 1
#define HAVE_DLFCN_H 1
#define LT_OBJDIR ".libs/"
#define HAVE_LIBPTHREAD 1
#define HAVE__BOOL 1
#define HAVE_STDBOOL_H 1
#define TIME_WITH_SYS_TIME 1
#define STDC_HEADERS 1
#define HAVE_STDLIB_H 1
#define HAVE_SYS_SELECT_H 1
#define HAVE_STDARG_H 1
#define HAVE_DIRENT_H 1
#define HAVE_LOCALE_H 1
#define HAVE_SYS_DIR_H 1
#define HAVE_SEMAPHORE_H 1
#define HAVE_SELECT 1
#define SIZEOF_UNSIGNED_LONG_LONG_INT 8
#define SIZEOF_UNSIGNED_LONG_INT 8
#define SIZEOF_UNSIGNED_INT 4
#define SIZEOF_UNSIGNED_SHORT_INT 2
#define SIZEOF_UNSIGNED_CHAR 1
#define HAVE_INT_8_16_32 1
#define __MY_STRICT_ANSI__ /**/
#define SIZEOF_INT 4
#define SIZEOF_LONG 4
#define LOG_TIMES /**/
#define __kdb_bin_ /**/

configure: exit 0

## ---------------------- ##
## Running config.status. ##
## ---------------------- ##

This file was extended by FULL-PACKAGE-NAME config.status VERSION, which was
generated by GNU Autoconf 2.68.  Invocation command line was

  CONFIG_FILES    = 
  CONFIG_HEADERS  = 
  CONFIG_LINKS    = 
  CONFIG_COMMANDS = 
  $ ./config.status 

on AY140326103411192a20Z

config.status:1186: creating Makefile
config.status:1186: creating src/Makefile
config.status:1186: creating src/module/Makefile
config.status:1186: creating src/common/Makefile
config.status:1186: creating src/tools/Makefile
config.status:1186: creating config.h
config.status:1367: config.h is unchanged
config.status:1415: executing depfiles commands
config.status:1415: executing libtool commands

## ---------------------- ##
## Running config.status. ##
## ---------------------- ##

This file was extended by FULL-PACKAGE-NAME config.status VERSION, which was
generated by GNU Autoconf 2.68.  Invocation command line was

  CONFIG_FILES    = 
  CONFIG_HEADERS  = 
  CONFIG_LINKS    = 
  CONFIG_COMMANDS = 
  $ ./config.status config.h

on AY140326103411192a20Z

config.status:1186: creating config.h
